<?xml version="1.0" encoding="UTF-8"?>
<!-- Generated by org.testng.reporters.JUnitReportReporter -->
<testsuite skipped="10" hostname="SMBLR-PC0DZSF3" name="ExtentReport.ExtentReports.GoogleSearchTest" tests="14" failures="0" timestamp="2020-08-27T20:13:03 IST" time="0.238" errors="4">
  <testcase name="closeBrowser" time="0.001" classname="ExtentReport.ExtentReports.GoogleSearchTest">
    <error type="java.lang.NullPointerException">
      <![CDATA[java.lang.NullPointerException
at ExtentReport.ExtentReports.GoogleSearchTest.closeBrowser(GoogleSearchTest.java:63)
at sun.reflect.NativeMethodAccessorImpl.invoke0(Native Method)
at sun.reflect.NativeMethodAccessorImpl.invoke(Unknown Source)
at sun.reflect.DelegatingMethodAccessorImpl.invoke(Unknown Source)
at java.lang.reflect.Method.invoke(Unknown Source)
at org.testng.internal.MethodInvocationHelper.invokeMethod(MethodInvocationHelper.java:133)
at org.testng.internal.MethodInvocationHelper.invokeMethodConsideringTimeout(MethodInvocationHelper.java:62)
at org.testng.internal.ConfigInvoker.invokeConfigurationMethod(ConfigInvoker.java:340)
at org.testng.internal.ConfigInvoker.invokeConfigurations(ConfigInvoker.java:294)
at org.testng.internal.TestMethodWorker.invokeAfterClassMethods(TestMethodWorker.java:217)
at org.testng.internal.TestMethodWorker.run(TestMethodWorker.java:130)
at java.util.ArrayList.forEach(Unknown Source)
at org.testng.TestRunner.privateRun(TestRunner.java:770)
at org.testng.TestRunner.run(TestRunner.java:591)
at org.testng.SuiteRunner.runTest(SuiteRunner.java:402)
at org.testng.SuiteRunner.access$000(SuiteRunner.java:41)
at org.testng.SuiteRunner$SuiteWorker.run(SuiteRunner.java:443)
at org.testng.internal.thread.ThreadUtil.lambda$execute$0(ThreadUtil.java:67)
at java.util.concurrent.FutureTask.run(Unknown Source)
at java.util.concurrent.ThreadPoolExecutor.runWorker(Unknown Source)
at java.util.concurrent.ThreadPoolExecutor$Worker.run(Unknown Source)
at java.lang.Thread.run(Unknown Source)
]]>
    </error>
  </testcase> <!-- closeBrowser -->
  <testcase name="googleSearchBox" time="0.000" classname="ExtentReport.ExtentReports.GoogleSearchTest">
    <skipped/>
  </testcase> <!-- googleSearchBox -->
  <testcase name="googleSearchBox" time="0.000" classname="ExtentReport.ExtentReports.GoogleSearchTest">
    <skipped/>
  </testcase> <!-- googleSearchBox -->
  <testcase name="setUp" time="0.129" classname="ExtentReport.ExtentReports.GoogleSearchTest">
    <error type="java.lang.NoClassDefFoundError" message="com/google/common/base/Function">
      <![CDATA[java.lang.NoClassDefFoundError: com/google/common/base/Function
at base.SetupTestDriver.<init>(SetupTestDriver.java:35)
at ExtentReport.ExtentReports.GoogleSearchTest.setUp(GoogleSearchTest.java:17)
at sun.reflect.NativeMethodAccessorImpl.invoke0(Native Method)
at sun.reflect.NativeMethodAccessorImpl.invoke(Unknown Source)
at sun.reflect.DelegatingMethodAccessorImpl.invoke(Unknown Source)
at java.lang.reflect.Method.invoke(Unknown Source)
at org.testng.internal.MethodInvocationHelper.invokeMethod(MethodInvocationHelper.java:133)
at org.testng.internal.MethodInvocationHelper.invokeMethodConsideringTimeout(MethodInvocationHelper.java:62)
at org.testng.internal.ConfigInvoker.invokeConfigurationMethod(ConfigInvoker.java:340)
at org.testng.internal.ConfigInvoker.invokeConfigurations(ConfigInvoker.java:294)
at org.testng.internal.TestMethodWorker.invokeBeforeClassMethods(TestMethodWorker.java:176)
at org.testng.internal.TestMethodWorker.run(TestMethodWorker.java:122)
at java.util.ArrayList.forEach(Unknown Source)
at org.testng.TestRunner.privateRun(TestRunner.java:770)
at org.testng.TestRunner.run(TestRunner.java:591)
at org.testng.SuiteRunner.runTest(SuiteRunner.java:402)
at org.testng.SuiteRunner.access$000(SuiteRunner.java:41)
at org.testng.SuiteRunner$SuiteWorker.run(SuiteRunner.java:443)
at org.testng.internal.thread.ThreadUtil.lambda$execute$0(ThreadUtil.java:67)
at java.util.concurrent.FutureTask.run(Unknown Source)
at java.util.concurrent.ThreadPoolExecutor.runWorker(Unknown Source)
at java.util.concurrent.ThreadPoolExecutor$Worker.run(Unknown Source)
at java.lang.Thread.run(Unknown Source)
Caused by: java.lang.ClassNotFoundException: com.google.common.base.Function
at java.net.URLClassLoader.findClass(Unknown Source)
at java.lang.ClassLoader.loadClass(Unknown Source)
at sun.misc.Launcher$AppClassLoader.loadClass(Unknown Source)
at java.lang.ClassLoader.loadClass(Unknown Source)
... 23 more
]]>
    </error>
  </testcase> <!-- setUp -->
  <testcase name="closeBrowser" time="0.001" classname="ExtentReport.ExtentReports.GoogleSearchTest">
    <error type="java.lang.NullPointerException">
      <![CDATA[java.lang.NullPointerException
at ExtentReport.ExtentReports.GoogleSearchTest.closeBrowser(GoogleSearchTest.java:63)
at sun.reflect.NativeMethodAccessorImpl.invoke0(Native Method)
at sun.reflect.NativeMethodAccessorImpl.invoke(Unknown Source)
at sun.reflect.DelegatingMethodAccessorImpl.invoke(Unknown Source)
at java.lang.reflect.Method.invoke(Unknown Source)
at org.testng.internal.MethodInvocationHelper.invokeMethod(MethodInvocationHelper.java:133)
at org.testng.internal.MethodInvocationHelper.invokeMethodConsideringTimeout(MethodInvocationHelper.java:62)
at org.testng.internal.ConfigInvoker.invokeConfigurationMethod(ConfigInvoker.java:340)
at org.testng.internal.ConfigInvoker.invokeConfigurations(ConfigInvoker.java:294)
at org.testng.internal.TestMethodWorker.invokeAfterClassMethods(TestMethodWorker.java:217)
at org.testng.internal.TestMethodWorker.run(TestMethodWorker.java:130)
at java.util.ArrayList.forEach(Unknown Source)
at org.testng.TestRunner.privateRun(TestRunner.java:770)
at org.testng.TestRunner.run(TestRunner.java:591)
at org.testng.SuiteRunner.runTest(SuiteRunner.java:402)
at org.testng.SuiteRunner.access$000(SuiteRunner.java:41)
at org.testng.SuiteRunner$SuiteWorker.run(SuiteRunner.java:443)
at org.testng.internal.thread.ThreadUtil.lambda$execute$0(ThreadUtil.java:67)
at java.util.concurrent.FutureTask.run(Unknown Source)
at java.util.concurrent.ThreadPoolExecutor.runWorker(Unknown Source)
at java.util.concurrent.ThreadPoolExecutor$Worker.run(Unknown Source)
at java.lang.Thread.run(Unknown Source)
]]>
    </error>
  </testcase> <!-- closeBrowser -->
  <testcase name="googleUrlTest" time="0.000" classname="ExtentReport.ExtentReports.GoogleSearchTest">
    <skipped/>
  </testcase> <!-- googleUrlTest -->
  <testcase name="googleSearchButtonTest" time="0.000" classname="ExtentReport.ExtentReports.GoogleSearchTest">
    <skipped/>
  </testcase> <!-- googleSearchButtonTest -->
  <testcase name="googleUrlTest" time="0.001" classname="ExtentReport.ExtentReports.GoogleSearchTest">
    <skipped/>
  </testcase> <!-- googleUrlTest -->
  <testcase name="googleFeelingLuckyButtonTest" time="0.000" classname="ExtentReport.ExtentReports.GoogleSearchTest">
    <skipped/>
  </testcase> <!-- googleFeelingLuckyButtonTest -->
  <testcase name="setUp" time="0.106" classname="ExtentReport.ExtentReports.GoogleSearchTest">
    <error type="java.lang.NoClassDefFoundError" message="com/google/common/collect/ImmutableSortedSet">
      <![CDATA[java.lang.NoClassDefFoundError: com/google/common/collect/ImmutableSortedSet
at org.openqa.selenium.ie.InternetExplorerOptions.<clinit>(InternetExplorerOptions.java:82)
at base.SetupTestDriver.<init>(SetupTestDriver.java:37)
at ExtentReport.ExtentReports.GoogleSearchTest.setUp(GoogleSearchTest.java:17)
at sun.reflect.NativeMethodAccessorImpl.invoke0(Native Method)
at sun.reflect.NativeMethodAccessorImpl.invoke(Unknown Source)
at sun.reflect.DelegatingMethodAccessorImpl.invoke(Unknown Source)
at java.lang.reflect.Method.invoke(Unknown Source)
at org.testng.internal.MethodInvocationHelper.invokeMethod(MethodInvocationHelper.java:133)
at org.testng.internal.MethodInvocationHelper.invokeMethodConsideringTimeout(MethodInvocationHelper.java:62)
at org.testng.internal.ConfigInvoker.invokeConfigurationMethod(ConfigInvoker.java:340)
at org.testng.internal.ConfigInvoker.invokeConfigurations(ConfigInvoker.java:294)
at org.testng.internal.TestMethodWorker.invokeBeforeClassMethods(TestMethodWorker.java:176)
at org.testng.internal.TestMethodWorker.run(TestMethodWorker.java:122)
at java.util.ArrayList.forEach(Unknown Source)
at org.testng.TestRunner.privateRun(TestRunner.java:770)
at org.testng.TestRunner.run(TestRunner.java:591)
at org.testng.SuiteRunner.runTest(SuiteRunner.java:402)
at org.testng.SuiteRunner.access$000(SuiteRunner.java:41)
at org.testng.SuiteRunner$SuiteWorker.run(SuiteRunner.java:443)
at org.testng.internal.thread.ThreadUtil.lambda$execute$0(ThreadUtil.java:67)
at java.util.concurrent.FutureTask.run(Unknown Source)
at java.util.concurrent.ThreadPoolExecutor.runWorker(Unknown Source)
at java.util.concurrent.ThreadPoolExecutor$Worker.run(Unknown Source)
at java.lang.Thread.run(Unknown Source)
Caused by: java.lang.ClassNotFoundException: com.google.common.collect.ImmutableSortedSet
at java.net.URLClassLoader.findClass(Unknown Source)
at java.lang.ClassLoader.loadClass(Unknown Source)
at sun.misc.Launcher$AppClassLoader.loadClass(Unknown Source)
at java.lang.ClassLoader.loadClass(Unknown Source)
... 24 more
]]>
    </error>
  </testcase> <!-- setUp -->
  <testcase name="googleFeelingLuckyButtonTest" time="0.000" classname="ExtentReport.ExtentReports.GoogleSearchTest">
    <skipped/>
  </testcase> <!-- googleFeelingLuckyButtonTest -->
  <testcase name="googleTitleTest" time="0.000" classname="ExtentReport.ExtentReports.GoogleSearchTest">
    <skipped/>
  </testcase> <!-- googleTitleTest -->
  <testcase name="googleTitleTest" time="0.000" classname="ExtentReport.ExtentReports.GoogleSearchTest">
    <skipped/>
  </testcase> <!-- googleTitleTest -->
  <testcase name="googleSearchButtonTest" time="0.000" classname="ExtentReport.ExtentReports.GoogleSearchTest">
    <skipped/>
  </testcase> <!-- googleSearchButtonTest -->
</testsuite> <!-- ExtentReport.ExtentReports.GoogleSearchTest -->
